{"operation": "CREATE", "filename": "myfile.txt", "data": null}
{"operation": "WRITE", "filename": "myfile.txt", "data": null}
{"operation": "CREATE", "filename": "file1.txt", "data": null}
{"operation": "CREATE", "filename": "file2.txt", "data": null}
{"operation": "DELETE", "filename": "file1.txt", "data": null}
{"operation": "CREATE", "filename": "file1.txt", "data": null}
{"operation": "CREATE", "filename": "file2.txt", "data": null}
{"operation": "CREATE", "filename": "file1.txt", "data": null}
{"operation": "DELETE", "filename": "file1.txt", "data": null}
{"operation": "CREATE", "filename": "file1.txt", "data": null}
{"operation": "DELETE", "filename": "file1.txt", "data": null}
{"operation": "CREATE", "filename": "file1.txt", "data": null}
{"operation": "DELETE", "filename": "file1.txt", "data": null}
{"operation": "CREATE", "filename": "file1.txt", "data": null}
{"operation": "DELETE", "filename": "file1.txt", "data": null}
{"operation": "DELETE", "filename": "file1.txt", "data": null}
{"operation": "DELETE", "filename": "file1.txt", "data": null}
{"operation": "CREATE", "filename": "file1.txt", "data": null}
{"operation": "CREATE", "filename": "file2.txt", "data": null}
{"operation": "DELETE", "filename": "file1.txt", "data": null}
{"operation": "CREATE", "filename": "test.txt", "data": null}
{"operation": "WRITE", "filename": "test.txt", "data": null}
{"operation": "DELETE", "filename": "test.txt", "data": null}
